<?xml version="1.0" encoding="utf-8"?><testsuites name="pytest tests"><testsuite name="pytest" errors="0" failures="0" skipped="0" tests="15" time="3.824" timestamp="2026-07-12T03:00:30.993724+00:00" hostname="agent-env-68218644-5f9c-4dcd-b26f-df78e0f819e0"><testcase classname="tests.backend_test" name="test_health" time="0.215" /><testcase classname="tests.backend_test" name="test_login_invalid" time="0.378" /><testcase classname="tests.backend_test" name="test_me_requires_auth" time="0.092" /><testcase classname="tests.backend_test" name="test_me_with_token" time="0.532" /><testcase classname="tests.backend_test" name="test_submission_create" time="0.143" /><testcase classname="tests.backend_test" name="test_submissions_list_requires_auth" time="0.137" /><testcase classname="tests.backend_test" name="test_submissions_list_with_auth" time="0.217" /><testcase classname="tests.backend_test" name="test_submission_stats" time="0.095" /><testcase classname="tests.backend_test" name="test_newsletter_subscribe" time="0.102" /><testcase classname="tests.backend_test" name="test_newsletter_list_requires_auth" time="0.106" /><testcase classname="tests.backend_test" name="test_newsletter_list_with_auth" time="0.101" /><testcase classname="tests.backend_test" name="test_public_articles" time="0.138" /><testcase classname="tests.backend_test" name="test_article_detail_by_slug" time="0.217" /><testcase classname="tests.backend_test" name="test_admin_articles_requires_auth" time="0.094" /><testcase classname="tests.backend_test" name="test_article_crud" time="0.535" /></testsuite></testsuites>